<?xml version="1.0" encoding="UTF-8"?>
<!-- Generated by org.testng.reporters.JUnitReportReporter -->
<testsuite skipped="0" hostname="Hari-PC" name="com.crm.qa.testcases.LoginPageTest" tests="3" failures="0" timestamp="06 Mar 2019 15:27:52 GMT" time="54.350" errors="0">
  <testcase name="LoginPageTitleTest" time="15.502" classname="com.crm.qa.testcases.LoginPageTest"/>
  <testcase name="CRMLogoTest" time="14.569" classname="com.crm.qa.testcases.LoginPageTest"/>
  <testcase name="loginTest" time="24.279" classname="com.crm.qa.testcases.LoginPageTest"/>
</testsuite> <!-- com.crm.qa.testcases.LoginPageTest -->
