<?xml version="1.0" encoding="UTF-8"?>
<!-- Generated by org.testng.reporters.JUnitReportReporter -->
<testsuite skipped="0" hostname="Hari-PC" name="com.crm.qa.testcases.HomePageTest" tests="3" failures="0" timestamp="10 Mar 2019 10:06:30 GMT" time="78.880" errors="0">
  <testcase name="verifyhomePageTitle" time="29.918" classname="com.crm.qa.testcases.HomePageTest"/>
  <testcase name="verifyUserName" time="20.825" classname="com.crm.qa.testcases.HomePageTest"/>
  <testcase name="verifyContactlistLink" time="28.137" classname="com.crm.qa.testcases.HomePageTest"/>
</testsuite> <!-- com.crm.qa.testcases.HomePageTest -->
